<?xml version="1.0" encoding="UTF-8"?>
<!-- Generated by org.testng.reporters.JUnitReportReporter -->
<testsuite hostname="fcc-PC" name="ford.selmaven.CopyOfAlertTest" tests="2" failures="0" timestamp="4 Sep 2016 00:24:37 GMT" time="0.000" errors="0">
  <testcase name="alert" time="0.000" classname="ford.selmaven.CopyOfAlertTest"/>
  <testcase name="alerttrial" time="0.000" classname="ford.selmaven.CopyOfAlertTest"/>
</testsuite> <!-- ford.selmaven.CopyOfAlertTest -->
