<?xml version="1.0" encoding="UTF-8"?>
<!-- Generated by org.testng.reporters.JUnitReportReporter -->
<testsuite hostname="fcc-PC" name="ford.selmaven.AlertTest" tests="2" failures="0" timestamp="4 Sep 2016 00:24:37 GMT" time="0.110" errors="0">
  <testcase name="alerttrial" time="0.010" classname="ford.selmaven.AlertTest"/>
  <testcase name="alert" time="0.100" classname="ford.selmaven.AlertTest"/>
</testsuite> <!-- ford.selmaven.AlertTest -->
